<?xml version="1.0" encoding="UTF-8"?>
<testsuite xmlns:xsi="http://www.w3.org/2001/XMLSchema-instance" xsi:noNamespaceSchemaLocation="https://maven.apache.org/surefire/maven-surefire-plugin/xsd/surefire-test-report.xsd" name="Runner.RunTest" time="369.115" tests="19" errors="3" skipped="2" failures="0">
  <properties>
[...]
</properties>
  <testcase name="Given I am on ELC Website" classname="Scenario: Search for a product" time="0.012"/>
  <testcase name="When I input the text &quot;Peppa pig&quot; into the search box" classname="Scenario: Search for a product" time="0"/>
  <testcase name="And I click on the first option from the auto-populated list" classname="Scenario: Search for a product" time="0.001"/>
  <testcase name="Then I confirm that the search results page contains the label &quot;Peppa pig&quot;" classname="Scenario: Search for a product" time="0"/>
  <testcase name="Scenario: Search for a product" classname="Scenario: Search for a product" time="1.269"/>
  <testcase name="Given I am on ELC Homepage" classname="Scenario: Filter products by price range" time="0"/>
  <testcase name="When I hover the mouse over the &quot;Shop by age&quot; menu and click the &quot;0-3 months&quot; category" classname="Scenario: Filter products by price range" time="0"/>
  <testcase name="And I scroll down until I locate the &quot;Price&quot; option on the left side of the page" classname="Scenario: Filter products by price range" time="0.042">
    <error message="Unable to route (GET) /session/9e76300f05bcf934916e18f017a1bc35/screenshot&#10;Build info: version: &apos;4.7.2&apos;, revision: &apos;4d4020c3b7&apos;&#10;System info: os.name: &apos;Linux&apos;, os.arch: &apos;amd64&apos;, os.version: &apos;5.15.133+&apos;, java.version: &apos;11.0.21&apos;&#10;Driver info: org.openqa.selenium.remote.RemoteWebDriver&#10;Command: [9e76300f05bcf934916e18f017a1bc35, screenshot {}]&#10;Capabilities {acceptInsecureCerts: false, browserName: chrome, browserVersion: 120.0.6099.109, chrome: {chromedriverVersion: 120.0.6099.109 (3419140ab66..., userDataDir: /tmp/.org.chromium.Chromium...}, fedcm:accounts: true, goog:chromeOptions: {debuggerAddress: localhost:42217}, networkConnectionEnabled: false, pageLoadStrategy: normal, platformName: LINUX, proxy: Proxy(), se:bidiEnabled: false, se:cdp: ws://10.104.0.79:4444/sessi..., se:cdpVersion: 120.0.6099.109, se:vnc: ws://10.104.0.79:4444/sessi..., se:vncEnabled: true, se:vncLocalAddress: ws://10.104.0.79:7900, setWindowRect: true, strictFileInteractability: false, timeouts: {implicit: 0, pageLoad: 300000, script: 30000}, unhandledPromptBehavior: dismiss and notify, webauthn:extension:credBlob: true, webauthn:extension:largeBlob: true, webauthn:extension:minPinLength: true, webauthn:extension:prf: true, webauthn:virtualAuthenticators: true}&#10;Session ID: 9e76300f05bcf934916e18f017a1bc35" type="org.openqa.selenium.WebDriverException">org.openqa.selenium.WebDriverException: 
Unable to route (GET) /session/9e76300f05bcf934916e18f017a1bc35/screenshot
Build info: version: '4.7.2', revision: '4d4020c3b7'
System info: os.name: 'Linux', os.arch: 'amd64', os.version: '5.15.133+', java.version: '11.0.21'
Driver info: org.openqa.selenium.remote.RemoteWebDriver
Command: [9e76300f05bcf934916e18f017a1bc35, screenshot {}]
Capabilities {acceptInsecureCerts: false, browserName: chrome, browserVersion: 120.0.6099.109, chrome: {chromedriverVersion: 120.0.6099.109 (3419140ab66..., userDataDir: /tmp/.org.chromium.Chromium...}, fedcm:accounts: true, goog:chromeOptions: {debuggerAddress: localhost:42217}, networkConnectionEnabled: false, pageLoadStrategy: normal, platformName: LINUX, proxy: Proxy(), se:bidiEnabled: false, se:cdp: ws://10.104.0.79:4444/sessi..., se:cdpVersion: 120.0.6099.109, se:vnc: ws://10.104.0.79:4444/sessi..., se:vncEnabled: true, se:vncLocalAddress: ws://10.104.0.79:7900, setWindowRect: true, strictFileInteractability: false, timeouts: {implicit: 0, pageLoad: 300000, script: 30000}, unhandledPromptBehavior: dismiss and notify, webauthn:extension:credBlob: true, webauthn:extension:largeBlob: true, webauthn:extension:minPinLength: true, webauthn:extension:prf: true, webauthn:virtualAuthenticators: true}
Session ID: 9e76300f05bcf934916e18f017a1bc35
</error>
    <system-err><![CDATA[org.openqa.selenium.WebDriverException: Unable to route (POST) /session/9e76300f05bcf934916e18f017a1bc35/execute/sync
Build info: version: '4.7.2', revision: '4d4020c3b7'
System info: os.name: 'Linux', os.arch: 'amd64', os.version: '5.15.133+', java.version: '11.0.21'
Driver info: org.openqa.selenium.remote.RemoteWebDriver
Command: [9e76300f05bcf934916e18f017a1bc35, executeScript {script=window.scrollBy(0, 250);, args=[]}]
Capabilities {acceptInsecureCerts: false, browserName: chrome, browserVersion: 120.0.6099.109, chrome: {chromedriverVersion: 120.0.6099.109 (3419140ab66..., userDataDir: /tmp/.org.chromium.Chromium...}, fedcm:accounts: true, goog:chromeOptions: {debuggerAddress: localhost:42217}, networkConnectionEnabled: false, pageLoadStrategy: normal, platformName: LINUX, proxy: Proxy(), se:bidiEnabled: false, se:cdp: ws://10.104.0.79:4444/sessi..., se:cdpVersion: 120.0.6099.109, se:vnc: ws://10.104.0.79:4444/sessi..., se:vncEnabled: true, se:vncLocalAddress: ws://10.104.0.79:7900, setWindowRect: true, strictFileInteractability: false, timeouts: {implicit: 0, pageLoad: 300000, script: 30000}, unhandledPromptBehavior: dismiss and notify, webauthn:extension:credBlob: true, webauthn:extension:largeBlob: true, webauthn:extension:minPinLength: true, webauthn:extension:prf: true, webauthn:virtualAuthenticators: true}
Session ID: 9e76300f05bcf934916e18f017a1bc35
	at java.base/jdk.internal.reflect.NativeConstructorAccessorImpl.newInstance0(Native Method)
	at java.base/jdk.internal.reflect.NativeConstructorAccessorImpl.newInstance(NativeConstructorAccessorImpl.java:62)
	at java.base/jdk.internal.reflect.DelegatingConstructorAccessorImpl.newInstance(DelegatingConstructorAccessorImpl.java:45)
	at java.base/java.lang.reflect.Constructor.newInstance(Constructor.java:490)
	at org.openqa.selenium.remote.codec.w3c.W3CHttpResponseCodec.createException(W3CHttpResponseCodec.java:200)
	at org.openqa.selenium.remote.codec.w3c.W3CHttpResponseCodec.decode(W3CHttpResponseCodec.java:133)
	at org.openqa.selenium.remote.codec.w3c.W3CHttpResponseCodec.decode(W3CHttpResponseCodec.java:53)
	at org.openqa.selenium.remote.HttpCommandExecutor.execute(HttpCommandExecutor.java:184)
	at org.openqa.selenium.remote.TracedCommandExecutor.execute(TracedCommandExecutor.java:51)
	at org.openqa.selenium.remote.RemoteWebDriver.execute(RemoteWebDriver.java:535)
	at org.openqa.selenium.remote.RemoteWebDriver.executeScript(RemoteWebDriver.java:472)
	at java.base/jdk.internal.reflect.NativeMethodAccessorImpl.invoke0(Native Method)
	at java.base/jdk.internal.reflect.NativeMethodAccessorImpl.invoke(NativeMethodAccessorImpl.java:62)
	at java.base/jdk.internal.reflect.DelegatingMethodAccessorImpl.invoke(DelegatingMethodAccessorImpl.java:43)
	at java.base/java.lang.reflect.Method.invoke(Method.java:566)
	at org.openqa.selenium.support.decorators.WebDriverDecorator.call(WebDriverDecorator.java:247)
	at org.openqa.selenium.support.decorators.DefaultDecorated.call(DefaultDecorated.java:48)
	at org.openqa.selenium.support.decorators.WebDriverDecorator.lambda$createProxy$0(WebDriverDecorator.java:309)
	at net.bytebuddy.renamed.java.lang.Object$ByteBuddy$f3WdZNMb.executeScript(Unknown Source)
	at Pages.Testcase2.scrolldown(Testcase2.java:54)
	at StepDefinition.Shopping.i_scroll_down_until_I_locate_the_option_on_the_left_side_of_the_page(Shopping.java:53)
	at java.base/jdk.internal.reflect.NativeMethodAccessorImpl.invoke0(Native Method)
	at java.base/jdk.internal.reflect.NativeMethodAccessorImpl.invoke(NativeMethodAccessorImpl.java:62)
	at java.base/jdk.internal.reflect.DelegatingMethodAccessorImpl.invoke(DelegatingMethodAccessorImpl.java:43)
	at java.base/java.lang.reflect.Method.invoke(Method.java:566)
	at cucumber.runtime.Utils$1.call(Utils.java:40)
	at cucumber.runtime.Timeout.timeout(Timeout.java:16)
	at cucumber.runtime.Utils.invoke(Utils.java:34)
	at cucumber.runtime.java.JavaStepDefinition.execute(JavaStepDefinition.java:38)
	at cucumber.runtime.StepDefinitionMatch.runStep(StepDefinitionMatch.java:37)
	at cucumber.runtime.Runtime.runStep(Runtime.java:300)
	at cucumber.runtime.model.StepContainer.runStep(StepContainer.java:44)
	at cucumber.runtime.model.StepContainer.runSteps(StepContainer.java:39)
	at cucumber.runtime.model.CucumberScenario.run(CucumberScenario.java:44)
	at cucumber.runtime.junit.ExecutionUnitRunner.run(ExecutionUnitRunner.java:102)
	at cucumber.runtime.junit.FeatureRunner.runChild(FeatureRunner.java:63)
	at cucumber.runtime.junit.FeatureRunner.runChild(FeatureRunner.java:18)
	at org.junit.runners.ParentRunner$3.run(ParentRunner.java:238)
	at org.junit.runners.ParentRunner$1.schedule(ParentRunner.java:63)
	at org.junit.runners.ParentRunner.runChildren(ParentRunner.java:236)
	at org.junit.runners.ParentRunner.access$000(ParentRunner.java:53)
	at org.junit.runners.ParentRunner$2.evaluate(ParentRunner.java:229)
	at org.junit.runners.ParentRunner.run(ParentRunner.java:309)
	at cucumber.runtime.junit.FeatureRunner.run(FeatureRunner.java:70)
	at cucumber.api.junit.Cucumber.runChild(Cucumber.java:95)
	at cucumber.api.junit.Cucumber.runChild(Cucumber.java:38)
	at org.junit.runners.ParentRunner$3.run(ParentRunner.java:238)
	at org.junit.runners.ParentRunner$1.schedule(ParentRunner.java:63)
	at org.junit.runners.ParentRunner.runChildren(ParentRunner.java:236)
	at org.junit.runners.ParentRunner.access$000(ParentRunner.java:53)
	at org.junit.runners.ParentRunner$2.evaluate(ParentRunner.java:229)
	at org.junit.runners.ParentRunner.run(ParentRunner.java:309)
	at cucumber.api.junit.Cucumber.run(Cucumber.java:100)
	at org.apache.maven.surefire.junit4.JUnit4Provider.execute(JUnit4Provider.java:365)
	at org.apache.maven.surefire.junit4.JUnit4Provider.executeWithRerun(JUnit4Provider.java:273)
	at org.apache.maven.surefire.junit4.JUnit4Provider.executeTestSet(JUnit4Provider.java:238)
	at org.apache.maven.surefire.junit4.JUnit4Provider.invoke(JUnit4Provider.java:159)
	at org.apache.maven.surefire.booter.ForkedBooter.invokeProviderInSameClassLoader(ForkedBooter.java:384)
	at org.apache.maven.surefire.booter.ForkedBooter.runSuitesInProcess(ForkedBooter.java:345)
	at org.apache.maven.surefire.booter.ForkedBooter.execute(ForkedBooter.java:126)
	at org.apache.maven.surefire.booter.ForkedBooter.main(ForkedBooter.java:418)
]]></system-err>
  </testcase>
  <testcase name="Scenario: Filter products by price range" classname="Scenario: Filter products by price range" time="0.1">
    <error message="Unable to route (GET) /session/9e76300f05bcf934916e18f017a1bc35/screenshot&#10;Build info: version: &apos;4.7.2&apos;, revision: &apos;4d4020c3b7&apos;&#10;System info: os.name: &apos;Linux&apos;, os.arch: &apos;amd64&apos;, os.version: &apos;5.15.133+&apos;, java.version: &apos;11.0.21&apos;&#10;Driver info: org.openqa.selenium.remote.RemoteWebDriver&#10;Command: [9e76300f05bcf934916e18f017a1bc35, screenshot {}]&#10;Capabilities {acceptInsecureCerts: false, browserName: chrome, browserVersion: 120.0.6099.109, chrome: {chromedriverVersion: 120.0.6099.109 (3419140ab66..., userDataDir: /tmp/.org.chromium.Chromium...}, fedcm:accounts: true, goog:chromeOptions: {debuggerAddress: localhost:42217}, networkConnectionEnabled: false, pageLoadStrategy: normal, platformName: LINUX, proxy: Proxy(), se:bidiEnabled: false, se:cdp: ws://10.104.0.79:4444/sessi..., se:cdpVersion: 120.0.6099.109, se:vnc: ws://10.104.0.79:4444/sessi..., se:vncEnabled: true, se:vncLocalAddress: ws://10.104.0.79:7900, setWindowRect: true, strictFileInteractability: false, timeouts: {implicit: 0, pageLoad: 300000, script: 30000}, unhandledPromptBehavior: dismiss and notify, webauthn:extension:credBlob: true, webauthn:extension:largeBlob: true, webauthn:extension:minPinLength: true, webauthn:extension:prf: true, webauthn:virtualAuthenticators: true}&#10;Session ID: 9e76300f05bcf934916e18f017a1bc35" type="org.openqa.selenium.WebDriverException">org.openqa.selenium.WebDriverException: 
Unable to route (GET) /session/9e76300f05bcf934916e18f017a1bc35/screenshot
Build info: version: '4.7.2', revision: '4d4020c3b7'
System info: os.name: 'Linux', os.arch: 'amd64', os.version: '5.15.133+', java.version: '11.0.21'
Driver info: org.openqa.selenium.remote.RemoteWebDriver
Command: [9e76300f05bcf934916e18f017a1bc35, screenshot {}]
Capabilities {acceptInsecureCerts: false, browserName: chrome, browserVersion: 120.0.6099.109, chrome: {chromedriverVersion: 120.0.6099.109 (3419140ab66..., userDataDir: /tmp/.org.chromium.Chromium...}, fedcm:accounts: true, goog:chromeOptions: {debuggerAddress: localhost:42217}, networkConnectionEnabled: false, pageLoadStrategy: normal, platformName: LINUX, proxy: Proxy(), se:bidiEnabled: false, se:cdp: ws://10.104.0.79:4444/sessi..., se:cdpVersion: 120.0.6099.109, se:vnc: ws://10.104.0.79:4444/sessi..., se:vncEnabled: true, se:vncLocalAddress: ws://10.104.0.79:7900, setWindowRect: true, strictFileInteractability: false, timeouts: {implicit: 0, pageLoad: 300000, script: 30000}, unhandledPromptBehavior: dismiss and notify, webauthn:extension:credBlob: true, webauthn:extension:largeBlob: true, webauthn:extension:minPinLength: true, webauthn:extension:prf: true, webauthn:virtualAuthenticators: true}
Session ID: 9e76300f05bcf934916e18f017a1bc35
</error>
  </testcase>
  <testcase name="Scenario: Filter products by price range" classname="Scenario: Filter products by price range" time="0.417">
    <error message="Unable to route (DELETE) /session/9e76300f05bcf934916e18f017a1bc35&#10;Build info: version: &apos;4.7.2&apos;, revision: &apos;4d4020c3b7&apos;&#10;System info: os.name: &apos;Linux&apos;, os.arch: &apos;amd64&apos;, os.version: &apos;5.15.133+&apos;, java.version: &apos;11.0.21&apos;&#10;Driver info: org.openqa.selenium.remote.RemoteWebDriver&#10;Command: [9e76300f05bcf934916e18f017a1bc35, quit {}]&#10;Capabilities {acceptInsecureCerts: false, browserName: chrome, browserVersion: 120.0.6099.109, chrome: {chromedriverVersion: 120.0.6099.109 (3419140ab66..., userDataDir: /tmp/.org.chromium.Chromium...}, fedcm:accounts: true, goog:chromeOptions: {debuggerAddress: localhost:42217}, networkConnectionEnabled: false, pageLoadStrategy: normal, platformName: LINUX, proxy: Proxy(), se:bidiEnabled: false, se:cdp: ws://10.104.0.79:4444/sessi..., se:cdpVersion: 120.0.6099.109, se:vnc: ws://10.104.0.79:4444/sessi..., se:vncEnabled: true, se:vncLocalAddress: ws://10.104.0.79:7900, setWindowRect: true, strictFileInteractability: false, timeouts: {implicit: 0, pageLoad: 300000, script: 30000}, unhandledPromptBehavior: dismiss and notify, webauthn:extension:credBlob: true, webauthn:extension:largeBlob: true, webauthn:extension:minPinLength: true, webauthn:extension:prf: true, webauthn:virtualAuthenticators: true}&#10;Session ID: 9e76300f05bcf934916e18f017a1bc35" type="org.openqa.selenium.WebDriverException">org.openqa.selenium.WebDriverException: 
Unable to route (DELETE) /session/9e76300f05bcf934916e18f017a1bc35
Build info: version: '4.7.2', revision: '4d4020c3b7'
System info: os.name: 'Linux', os.arch: 'amd64', os.version: '5.15.133+', java.version: '11.0.21'
Driver info: org.openqa.selenium.remote.RemoteWebDriver
Command: [9e76300f05bcf934916e18f017a1bc35, quit {}]
Capabilities {acceptInsecureCerts: false, browserName: chrome, browserVersion: 120.0.6099.109, chrome: {chromedriverVersion: 120.0.6099.109 (3419140ab66..., userDataDir: /tmp/.org.chromium.Chromium...}, fedcm:accounts: true, goog:chromeOptions: {debuggerAddress: localhost:42217}, networkConnectionEnabled: false, pageLoadStrategy: normal, platformName: LINUX, proxy: Proxy(), se:bidiEnabled: false, se:cdp: ws://10.104.0.79:4444/sessi..., se:cdpVersion: 120.0.6099.109, se:vnc: ws://10.104.0.79:4444/sessi..., se:vncEnabled: true, se:vncLocalAddress: ws://10.104.0.79:7900, setWindowRect: true, strictFileInteractability: false, timeouts: {implicit: 0, pageLoad: 300000, script: 30000}, unhandledPromptBehavior: dismiss and notify, webauthn:extension:credBlob: true, webauthn:extension:largeBlob: true, webauthn:extension:minPinLength: true, webauthn:extension:prf: true, webauthn:virtualAuthenticators: true}
Session ID: 9e76300f05bcf934916e18f017a1bc35
</error>
  </testcase>
  <testcase name="And I click the value &quot;£15 - £29.99&quot; from the price range options" classname="Scenario: Filter products by price range" time="0">
    <skipped/>
  </testcase>
  <testcase name="Then I verify the total number of results found based on the selected price range" classname="Scenario: Filter products by price range" time="0">
    <skipped/>
  </testcase>
  <testcase name="Given I am on ELC Application for click" classname="Scenario: Filter products by brand in &quot;Offers&quot; &gt; &quot;Wooden Toys&quot;" time="0"/>
  <testcase name="When I click on the &quot;Offers&quot; menu" classname="Scenario: Filter products by brand in &quot;Offers&quot; &gt; &quot;Wooden Toys&quot;" time="0"/>
  <testcase name="And I scroll down until I reach the &quot;Brands&quot; filter" classname="Scenario: Filter products by brand in &quot;Offers&quot; &gt; &quot;Wooden Toys&quot;" time="0"/>
  <testcase name="And I click on the &quot;Show more&quot; link" classname="Scenario: Filter products by brand in &quot;Offers&quot; &gt; &quot;Wooden Toys&quot;" time="0"/>
  <testcase name="And I click the checkbox of &quot;Paw patrol&quot;" classname="Scenario: Filter products by brand in &quot;Offers&quot; &gt; &quot;Wooden Toys&quot;" time="0"/>
  <testcase name="Then I verify whether the name of the chosen brand is available on the page" classname="Scenario: Filter products by brand in &quot;Offers&quot; &gt; &quot;Wooden Toys&quot;" time="0"/>
  <testcase name="Scenario: Filter products by brand in &quot;Offers&quot; &gt; &quot;Wooden Toys&quot;" classname="Scenario: Filter products by brand in &quot;Offers&quot; &gt; &quot;Wooden Toys&quot;" time="0.169"/>
</testsuite>